<html>
<body>
<pre>
<h1>µVision Build Log</h1>
<h2>Tool Versions:</h2>
IDE-Version: ¦ÌVision V5.24.2.86
Copyright (C) 2017 ARM Ltd and ARM Germany GmbH. All rights reserved.
License Information: 1 1, 1, LIC=----
 
Tool Versions:
Toolchain:       PK51 Prof. Develpers Kit  Version: 9.57.0.0
Toolchain Path:  C:\Keil_v5\C51\BIN
C Compiler:      C51.exe V9.57.0.0
Assembler:       A51.exe V8.2.7.0
Linker/Locator:  BL51.exe V6.22.2.0
Library Manager: LIB51.exe V4.30.1.0
Hex Converter:   OH51.exe V2.7.0.0
CPU DLL:         S8051.DLL V3.113.0.0
Dialog DLL:      DP51.DLL V2.64.0.0 
<h2>Project:</h2>
C:\Users\GAO\Desktop\Tools\Github\gaoxingze\Assessment\test\test.uvproj
Project File Date:  03/09/2020

<h2>Output:</h2>
Build target 'Target 1'
compiling main.c...
main.c(19): error C202: 'flag': undefined identifier
compiling clock.c...
clock.c(21): error C141: syntax error near '{'
clock.c(22): error C136: invalid dimension size: [0]
clock.c(22): error C231: 'TimeDisplay': redefinition
clock.c(22): error C202: 'Array': undefined identifier
clock.c(23): error C279: 'TimeDisplay': multiple initialization
clock.c(23): error C202: 'Array': undefined identifier
clock.c(24): error C279: 'TimeDisplay': multiple initialization
clock.c(24): error C231: 'TimeDisplay': redefinition
clock.c(25): error C279: 'TimeDisplay': multiple initialization
clock.c(25): error C231: 'TimeDisplay': redefinition
clock.c(25): error C202: 'Array': undefined identifier
clock.c(26): error C279: 'TimeDisplay': multiple initialization
clock.c(26): error C231: 'TimeDisplay': redefinition
clock.c(26): error C202: 'Array': undefined identifier
clock.c(27): error C279: 'TimeDisplay': multiple initialization
clock.c(27): error C231: 'TimeDisplay': redefinition
clock.c(28): error C279: 'TimeDisplay': multiple initialization
clock.c(28): error C231: 'TimeDisplay': redefinition
clock.c(28): error C202: 'Array': undefined identifier
clock.c(29): error C279: 'TimeDisplay': multiple initialization
clock.c(29): error C231: 'TimeDisplay': redefinition
clock.c(29): error C202: 'Array': undefined identifier
clock.c(30): error C141: syntax error near '}'
compiling Keyboard.c...
Keyboard.c(24): error C141: syntax error near '}'
Target not created.
Build Time Elapsed:  00:00:00
</pre>
</body>
</html>
